1500426184385	geckodriver	INFO	Listening on 127.0.0.1:62588
1500426186434	geckodriver::marionette	INFO	Starting browser C:\Program Files\Firefox Developer Edition\firefox.exe with args ["-marionette"]
1500426186621	addons.manager	DEBUG	Application has been upgraded
1500426186642	addons.manager	DEBUG	Loaded provider scope for resource://gre/modules/addons/XPIProvider.jsm: ["XPIProvider", "XPIInternal"]
1500426186646	addons.manager	DEBUG	Loaded provider scope for resource://gre/modules/LightweightThemeManager.jsm: ["LightweightThemeManager"]
1500426186677	addons.manager	DEBUG	Loaded provider scope for resource://gre/modules/addons/GMPProvider.jsm
1500426186681	addons.manager	DEBUG	Loaded provider scope for resource://gre/modules/addons/PluginProvider.jsm
1500426186681	addons.manager	DEBUG	Starting provider: XPIProvider
1500426186681	addons.xpi	DEBUG	startup
1500426186682	addons.xpi	INFO	SystemAddonInstallLocation directory is missing
1500426186682	addons.xpi	INFO	Removing all system add-on upgrades.
1500426186684	addons.xpi	DEBUG	checkForChanges
1500426186684	addons.xpi	DEBUG	Loaded add-on state: ${}
1500426186687	addons.xpi	INFO	Mapping aushelper@mozilla.org to C:\Program Files\Firefox Developer Edition\browser\features\aushelper@mozilla.org.xpi
1500426186688	addons.xpi	INFO	Mapping clicktoplay-rollout@mozilla.org to C:\Program Files\Firefox Developer Edition\browser\features\clicktoplay-rollout@mozilla.org.xpi
1500426186688	addons.xpi	INFO	Mapping e10srollout@mozilla.org to C:\Program Files\Firefox Developer Edition\browser\features\e10srollout@mozilla.org.xpi
1500426186688	addons.xpi	INFO	Mapping firefox@getpocket.com to C:\Program Files\Firefox Developer Edition\browser\features\firefox@getpocket.com.xpi
1500426186688	addons.xpi	INFO	Mapping followonsearch@mozilla.com to C:\Program Files\Firefox Developer Edition\browser\features\followonsearch@mozilla.com.xpi
1500426186689	addons.xpi	INFO	Mapping screenshots@mozilla.org to C:\Program Files\Firefox Developer Edition\browser\features\screenshots@mozilla.org.xpi
1500426186689	addons.xpi	INFO	Mapping shield-recipe-client@mozilla.org to C:\Program Files\Firefox Developer Edition\browser\features\shield-recipe-client@mozilla.org.xpi
1500426186689	addons.xpi	INFO	Mapping webcompat-reporter@mozilla.org to C:\Program Files\Firefox Developer Edition\browser\features\webcompat-reporter@mozilla.org.xpi
1500426186690	addons.xpi	INFO	Mapping webcompat@mozilla.org to C:\Program Files\Firefox Developer Edition\browser\features\webcompat@mozilla.org.xpi
1500426186690	addons.xpi	DEBUG	New add-on aushelper@mozilla.org in app-system-defaults
1500426186691	addons.xpi	INFO	Mapping aushelper@mozilla.org to C:\Program Files\Firefox Developer Edition\browser\features\aushelper@mozilla.org.xpi
1500426186692	addons.xpi	DEBUG	New add-on clicktoplay-rollout@mozilla.org in app-system-defaults
1500426186693	addons.xpi	INFO	Mapping clicktoplay-rollout@mozilla.org to C:\Program Files\Firefox Developer Edition\browser\features\clicktoplay-rollout@mozilla.org.xpi
1500426186693	addons.xpi	DEBUG	New add-on e10srollout@mozilla.org in app-system-defaults
1500426186694	addons.xpi	INFO	Mapping e10srollout@mozilla.org to C:\Program Files\Firefox Developer Edition\browser\features\e10srollout@mozilla.org.xpi
1500426186694	addons.xpi	DEBUG	New add-on firefox@getpocket.com in app-system-defaults
1500426186695	addons.xpi	INFO	Mapping firefox@getpocket.com to C:\Program Files\Firefox Developer Edition\browser\features\firefox@getpocket.com.xpi
1500426186695	addons.xpi	DEBUG	New add-on followonsearch@mozilla.com in app-system-defaults
1500426186695	addons.xpi	INFO	Mapping followonsearch@mozilla.com to C:\Program Files\Firefox Developer Edition\browser\features\followonsearch@mozilla.com.xpi
1500426186697	addons.xpi	DEBUG	New add-on screenshots@mozilla.org in app-system-defaults
1500426186697	addons.xpi	INFO	Mapping screenshots@mozilla.org to C:\Program Files\Firefox Developer Edition\browser\features\screenshots@mozilla.org.xpi
1500426186697	addons.xpi	DEBUG	New add-on shield-recipe-client@mozilla.org in app-system-defaults
1500426186698	addons.xpi	INFO	Mapping shield-recipe-client@mozilla.org to C:\Program Files\Firefox Developer Edition\browser\features\shield-recipe-client@mozilla.org.xpi
1500426186698	addons.xpi	DEBUG	New add-on webcompat-reporter@mozilla.org in app-system-defaults
1500426186698	addons.xpi	INFO	Mapping webcompat-reporter@mozilla.org to C:\Program Files\Firefox Developer Edition\browser\features\webcompat-reporter@mozilla.org.xpi
1500426186698	addons.xpi	DEBUG	New add-on webcompat@mozilla.org in app-system-defaults
1500426186699	addons.xpi	INFO	Mapping webcompat@mozilla.org to C:\Program Files\Firefox Developer Edition\browser\features\webcompat@mozilla.org.xpi
1500426186699	addons.xpi	INFO	Mapping {972ce4c6-7e08-4474-a285-3208198ce6fd} to C:\Program Files\Firefox Developer Edition\browser\extensions\{972ce4c6-7e08-4474-a285-3208198ce6fd}.xpi
1500426186699	addons.xpi	DEBUG	New add-on {972ce4c6-7e08-4474-a285-3208198ce6fd} in app-global
1500426186700	addons.xpi	INFO	Mapping {972ce4c6-7e08-4474-a285-3208198ce6fd} to C:\Program Files\Firefox Developer Edition\browser\extensions\{972ce4c6-7e08-4474-a285-3208198ce6fd}.xpi
1500426186700	addons.xpi	DEBUG	getInstallState changed: true, state: {}
1500426186700	addons.xpi	INFO	SystemAddonInstallLocation directory is missing
1500426186710	addons.xpi-utils	DEBUG	Opening XPI database C:\Users\ALEXLA~1\AppData\Local\Temp\rust_mozprofile.LuV33laTSt3D\extensions.json
1500426186712	addons.xpi-utils	DEBUG	New add-on aushelper@mozilla.org installed in app-system-defaults
*** Blocklist::_loadBlocklistFromFile: blocklist is disabled
1500426186739	DeferredSave.extensions.json	DEBUG	Save changes
1500426186741	addons.xpi-utils	DEBUG	New add-on clicktoplay-rollout@mozilla.org installed in app-system-defaults
1500426186744	DeferredSave.extensions.json	DEBUG	Starting timer
1500426186745	DeferredSave.extensions.json	DEBUG	Save changes
1500426186745	addons.xpi-utils	DEBUG	New add-on e10srollout@mozilla.org installed in app-system-defaults
1500426186749	DeferredSave.extensions.json	DEBUG	Save changes
1500426186749	addons.xpi-utils	DEBUG	New add-on firefox@getpocket.com installed in app-system-defaults
1500426186754	DeferredSave.extensions.json	DEBUG	Save changes
1500426186754	addons.xpi-utils	DEBUG	New add-on followonsearch@mozilla.com installed in app-system-defaults
1500426186757	DeferredSave.extensions.json	DEBUG	Save changes
1500426186757	addons.xpi-utils	DEBUG	New add-on screenshots@mozilla.org installed in app-system-defaults
1500426186764	DeferredSave.extensions.json	DEBUG	Save changes
1500426186764	addons.xpi-utils	DEBUG	New add-on shield-recipe-client@mozilla.org installed in app-system-defaults
1500426186767	DeferredSave.extensions.json	DEBUG	Save changes
1500426186768	addons.xpi-utils	DEBUG	New add-on webcompat-reporter@mozilla.org installed in app-system-defaults
1500426186771	DeferredSave.extensions.json	DEBUG	Save changes
1500426186771	addons.xpi-utils	DEBUG	New add-on webcompat@mozilla.org installed in app-system-defaults
1500426186774	DeferredSave.extensions.json	DEBUG	Save changes
1500426186774	addons.xpi-utils	DEBUG	New add-on {972ce4c6-7e08-4474-a285-3208198ce6fd} installed in app-global
1500426186777	DeferredSave.extensions.json	DEBUG	Save changes
1500426186778	addons.manager	DEBUG	Registering startup change 'installed' for aushelper@mozilla.org
1500426186787	addons.xpi	DEBUG	Loading bootstrap scope from C:\Program Files\Firefox Developer Edition\browser\features\aushelper@mozilla.org.xpi
1500426186790	addons.xpi	DEBUG	Calling bootstrap method install on aushelper@mozilla.org version 2.0
1500426186790	addons.xpi-utils	DEBUG	Make addon app-system-defaults:aushelper@mozilla.org visible
1500426186791	addons.xpi	DEBUG	Updating XPIState for {"id":"aushelper@mozilla.org","syncGUID":"{94b510ac-7172-4df1-8d83-68826895af4a}","location":"app-system-defaults","version":"2.0","type":"extension","internalName":null,"updateURL":null,"updateKey":null,"optionsURL":null,"optionsType":null,"aboutURL":null,"defaultLocale":{"name":"Application Update Service Helper","description":"Sets value(s) in the update url based on custom checks.","creator":null,"homepageURL":null},"visible":true,"active":false,"userDisabled":false,"appDisabled":false,"installDate":1500340830351,"updateDate":1500340830351,"applyBackgroundUpdates":1,"bootstrap":true,"path":"C:\\Program Files\\Firefox Developer Edition\\browser\\features\\aushelper@mozilla.org.xpi","skinnable":false,"size":8486,"sourceURI":null,"releaseNotesURI":null,"softDisabled":false,"foreignInstall":false,"hasBinaryComponents":false,"strictCompatibility":false,"locales":[],"targetApplications":[{"id":"{ec8030f7-c20a-464f-9b0e-13a3a9e97384}","minVersion":"55.0","maxVersion":"55.*"}],"targetPlatforms":[],"multiprocessCompatible":true,"seen":true,"dependencies":[],"hasEmbeddedWebExtension":false,"mpcOptedOut":false,"userPermissions":null,"icons":{},"iconURL":null,"icon64URL":null}
1500426186795	DeferredSave.extensions.json	DEBUG	Save changes
1500426186795	addons.manager	DEBUG	Registering startup change 'installed' for clicktoplay-rollout@mozilla.org
1500426186797	addons.xpi	DEBUG	Loading bootstrap scope from C:\Program Files\Firefox Developer Edition\browser\features\clicktoplay-rollout@mozilla.org.xpi
1500426186812	addons.xpi	DEBUG	Calling bootstrap method install on clicktoplay-rollout@mozilla.org version 1.2
1500426186812	addons.xpi-utils	DEBUG	Make addon app-system-defaults:clicktoplay-rollout@mozilla.org visible
1500426186813	addons.xpi	DEBUG	Updating XPIState for {"id":"clicktoplay-rollout@mozilla.org","syncGUID":"{a668fb5e-814f-4b17-980d-054246af93f3}","location":"app-system-defaults","version":"1.2","type":"extension","internalName":null,"updateURL":null,"updateKey":null,"optionsURL":null,"optionsType":null,"aboutURL":null,"defaultLocale":{"name":"Click-to-Play staged rollout","description":"Staged rollout for Click-to-Play Flash.","creator":null,"homepageURL":null},"visible":true,"active":false,"userDisabled":false,"appDisabled":false,"installDate":1500340830350,"updateDate":1500340830350,"applyBackgroundUpdates":1,"bootstrap":true,"path":"C:\\Program Files\\Firefox Developer Edition\\browser\\features\\clicktoplay-rollout@mozilla.org.xpi","skinnable":false,"size":5619,"sourceURI":null,"releaseNotesURI":null,"softDisabled":false,"foreignInstall":false,"hasBinaryComponents":false,"strictCompatibility":false,"locales":[],"targetApplications":[{"id":"{ec8030f7-c20a-464f-9b0e-13a3a9e97384}","minVersion":"55.0","maxVersion":"55.*"}],"targetPlatforms":[],"multiprocessCompatible":true,"seen":true,"dependencies":[],"hasEmbeddedWebExtension":false,"mpcOptedOut":false,"userPermissions":null,"icons":{},"iconURL":null,"icon64URL":null}
1500426186813	DeferredSave.extensions.json	DEBUG	Save changes
1500426186813	addons.manager	DEBUG	Registering startup change 'installed' for e10srollout@mozilla.org
1500426186815	addons.xpi	DEBUG	Loading bootstrap scope from C:\Program Files\Firefox Developer Edition\browser\features\e10srollout@mozilla.org.xpi
1500426186819	addons.xpi	DEBUG	Calling bootstrap method install on e10srollout@mozilla.org version 1.80
1500426186819	addons.xpi-utils	DEBUG	Make addon app-system-defaults:e10srollout@mozilla.org visible
1500426186819	addons.xpi	DEBUG	Updating XPIState for {"id":"e10srollout@mozilla.org","syncGUID":"{0c161811-51e4-4c3f-aabe-aec33c66da36}","location":"app-system-defaults","version":"1.80","type":"extension","internalName":null,"updateURL":null,"updateKey":null,"optionsURL":null,"optionsType":null,"aboutURL":null,"defaultLocale":{"name":"Multi-process staged rollout","description":"Staged rollout of Firefox multi-process feature.","creator":null,"homepageURL":null},"visible":true,"active":false,"userDisabled":false,"appDisabled":false,"installDate":1500340830349,"updateDate":1500340830349,"applyBackgroundUpdates":1,"bootstrap":true,"path":"C:\\Program Files\\Firefox Developer Edition\\browser\\features\\e10srollout@mozilla.org.xpi","skinnable":false,"size":13053,"sourceURI":null,"releaseNotesURI":null,"softDisabled":false,"foreignInstall":false,"hasBinaryComponents":false,"strictCompatibility":false,"locales":[],"targetApplications":[{"id":"{ec8030f7-c20a-464f-9b0e-13a3a9e97384}","minVersion":"55.0","maxVersion":"55.*"}],"targetPlatforms":[],"multiprocessCompatible":true,"seen":true,"dependencies":[],"hasEmbeddedWebExtension":false,"mpcOptedOut":false,"userPermissions":null,"icons":{},"iconURL":null,"icon64URL":null}
1500426186821	DeferredSave.extensions.json	DEBUG	Save changes
1500426186821	addons.manager	DEBUG	Registering startup change 'installed' for firefox@getpocket.com
1500426186822	addons.xpi	DEBUG	Loading bootstrap scope from C:\Program Files\Firefox Developer Edition\browser\features\firefox@getpocket.com.xpi
1500426186828	addons.xpi	DEBUG	Calling bootstrap method install on firefox@getpocket.com version 1.0.5
1500426186829	addons.xpi-utils	DEBUG	Make addon app-system-defaults:firefox@getpocket.com visible
1500426186829	addons.xpi	DEBUG	Updating XPIState for {"id":"firefox@getpocket.com","syncGUID":"{e7b9b2c5-5e7a-4705-81c8-63b7d6f8527e}","location":"app-system-defaults","version":"1.0.5","type":"extension","internalName":null,"updateURL":null,"updateKey":null,"optionsURL":null,"optionsType":null,"aboutURL":null,"defaultLocale":{"name":"Pocket","description":"When you find something you want to view later, put it in Pocket.","creator":null,"homepageURL":null},"visible":true,"active":false,"userDisabled":false,"appDisabled":false,"installDate":1500340830348,"updateDate":1500340830348,"applyBackgroundUpdates":1,"bootstrap":true,"path":"C:\\Program Files\\Firefox Developer Edition\\browser\\features\\firefox@getpocket.com.xpi","skinnable":false,"size":862991,"sourceURI":null,"releaseNotesURI":null,"softDisabled":false,"foreignInstall":false,"hasBinaryComponents":false,"strictCompatibility":false,"locales":[],"targetApplications":[{"id":"{ec8030f7-c20a-464f-9b0e-13a3a9e97384}","minVersion":"55.0","maxVersion":"55.*"}],"targetPlatforms":[],"multiprocessCompatible":true,"seen":true,"dependencies":[],"hasEmbeddedWebExtension":false,"mpcOptedOut":false,"userPermissions":null,"icons":{},"iconURL":null,"icon64URL":null}
1500426186829	DeferredSave.extensions.json	DEBUG	Save changes
1500426186829	addons.manager	DEBUG	Registering startup change 'installed' for followonsearch@mozilla.com
1500426186830	addons.xpi	DEBUG	Loading bootstrap scope from C:\Program Files\Firefox Developer Edition\browser\features\followonsearch@mozilla.com.xpi
1500426186836	addons.xpi	DEBUG	Calling bootstrap method install on followonsearch@mozilla.com version 0.9.1
1500426186836	addons.xpi-utils	DEBUG	Make addon app-system-defaults:followonsearch@mozilla.com visible
1500426186837	addons.xpi	DEBUG	Updating XPIState for {"id":"followonsearch@mozilla.com","syncGUID":"{7d27a798-6637-41e6-94be-3b2c7931a041}","location":"app-system-defaults","version":"0.9.1","type":"extension","internalName":null,"updateURL":null,"updateKey":null,"optionsURL":null,"optionsType":null,"aboutURL":null,"defaultLocale":{"name":"Follow-on Search Telemetry","description":null,"creator":null,"homepageURL":null},"visible":true,"active":false,"userDisabled":false,"appDisabled":false,"installDate":1500340830306,"updateDate":1500340830306,"applyBackgroundUpdates":1,"bootstrap":true,"path":"C:\\Program Files\\Firefox Developer Edition\\browser\\features\\followonsearch@mozilla.com.xpi","skinnable":false,"size":16730,"sourceURI":null,"releaseNotesURI":null,"softDisabled":false,"foreignInstall":false,"hasBinaryComponents":false,"strictCompatibility":false,"locales":[],"targetApplications":[{"id":"{ec8030f7-c20a-464f-9b0e-13a3a9e97384}","minVersion":"52.0","maxVersion":"59.*"}],"targetPlatforms":[],"multiprocessCompatible":true,"seen":true,"dependencies":[],"hasEmbeddedWebExtension":false,"mpcOptedOut":false,"userPermissions":null,"icons":{},"iconURL":null,"icon64URL":null}
1500426186837	DeferredSave.extensions.json	DEBUG	Save changes
1500426186837	addons.manager	DEBUG	Registering startup change 'installed' for screenshots@mozilla.org
1500426186838	addons.xpi	DEBUG	Loading bootstrap scope from C:\Program Files\Firefox Developer Edition\browser\features\screenshots@mozilla.org.xpi
1500426186841	addons.xpi	DEBUG	Calling bootstrap method install on screenshots@mozilla.org version 10.3.0
1500426186841	addons.xpi-utils	DEBUG	Make addon app-system-defaults:screenshots@mozilla.org visible
1500426186842	addons.xpi	DEBUG	Updating XPIState for {"id":"screenshots@mozilla.org","syncGUID":"{161f0247-e59a-4c5e-876f-d70395228865}","location":"app-system-defaults","version":"10.3.0","type":"extension","internalName":null,"updateURL":null,"updateKey":null,"optionsURL":null,"optionsType":null,"aboutURL":null,"defaultLocale":{"name":"Firefox Screenshots","description":null,"creator":null,"homepageURL":"https://pageshot.net/"},"visible":true,"active":false,"userDisabled":false,"appDisabled":false,"installDate":1500340830305,"updateDate":1500340830305,"applyBackgroundUpdates":1,"bootstrap":true,"path":"C:\\Program Files\\Firefox Developer Edition\\browser\\features\\screenshots@mozilla.org.xpi","skinnable":false,"size":650261,"sourceURI":null,"releaseNotesURI":null,"softDisabled":false,"foreignInstall":false,"hasBinaryComponents":false,"strictCompatibility":false,"locales":[],"targetApplications":[{"id":"{ec8030f7-c20a-464f-9b0e-13a3a9e97384}","minVersion":"51.0a1","maxVersion":"*"}],"targetPlatforms":[],"multiprocessCompatible":true,"seen":true,"dependencies":[],"hasEmbeddedWebExtension":false,"mpcOptedOut":false,"userPermissions":null,"icons":{},"iconURL":null,"icon64URL":null}
1500426186842	DeferredSave.extensions.json	DEBUG	Save changes
1500426186842	addons.manager	DEBUG	Registering startup change 'installed' for shield-recipe-client@mozilla.org
1500426186846	addons.xpi	DEBUG	Loading bootstrap scope from C:\Program Files\Firefox Developer Edition\browser\features\shield-recipe-client@mozilla.org.xpi
1500426186850	addons.xpi	DEBUG	Calling bootstrap method install on shield-recipe-client@mozilla.org version 55
1500426186851	addons.xpi-utils	DEBUG	Make addon app-system-defaults:shield-recipe-client@mozilla.org visible
1500426186851	addons.xpi	DEBUG	Updating XPIState for {"id":"shield-recipe-client@mozilla.org","syncGUID":"{50969ebd-a66a-48a0-9b27-579ff4d55488}","location":"app-system-defaults","version":"55","type":"extension","internalName":null,"updateURL":null,"updateKey":null,"optionsURL":null,"optionsType":null,"aboutURL":null,"defaultLocale":{"name":"Shield Recipe Client","description":"Client to download and run recipes for SHIELD, Heartbeat, etc.","creator":null,"homepageURL":null},"visible":true,"active":false,"userDisabled":false,"appDisabled":false,"installDate":1500340830283,"updateDate":1500340830283,"applyBackgroundUpdates":1,"bootstrap":true,"path":"C:\\Program Files\\Firefox Developer Edition\\browser\\features\\shield-recipe-client@mozilla.org.xpi","skinnable":false,"size":139872,"sourceURI":null,"releaseNotesURI":null,"softDisabled":false,"foreignInstall":false,"hasBinaryComponents":false,"strictCompatibility":false,"locales":[],"targetApplications":[{"id":"{ec8030f7-c20a-464f-9b0e-13a3a9e97384}","minVersion":"55.0","maxVersion":"55.*"}],"targetPlatforms":[],"multiprocessCompatible":true,"seen":true,"dependencies":[],"hasEmbeddedWebExtension":false,"mpcOptedOut":false,"userPermissions":null,"icons":{},"iconURL":null,"icon64URL":null}
1500426186851	DeferredSave.extensions.json	DEBUG	Save changes
1500426186852	addons.manager	DEBUG	Registering startup change 'installed' for webcompat-reporter@mozilla.org
1500426186852	addons.xpi	DEBUG	Loading bootstrap scope from C:\Program Files\Firefox Developer Edition\browser\features\webcompat-reporter@mozilla.org.xpi
1500426186855	addons.xpi	DEBUG	Calling bootstrap method install on webcompat-reporter@mozilla.org version 1.0.0
1500426186855	addons.xpi-utils	DEBUG	Make addon app-system-defaults:webcompat-reporter@mozilla.org visible
1500426186855	addons.xpi	DEBUG	Updating XPIState for {"id":"webcompat-reporter@mozilla.org","syncGUID":"{0fec0606-319e-40d3-9614-ece32e36e65e}","location":"app-system-defaults","version":"1.0.0","type":"extension","internalName":null,"updateURL":null,"updateKey":null,"optionsURL":null,"optionsType":null,"aboutURL":null,"defaultLocale":{"name":"WebCompat Reporter","description":"Report site compatibility issues on webcompat.com.","creator":null,"homepageURL":null},"visible":true,"active":false,"userDisabled":false,"appDisabled":false,"installDate":1500340830278,"updateDate":1500340830278,"applyBackgroundUpdates":1,"bootstrap":true,"path":"C:\\Program Files\\Firefox Developer Edition\\browser\\features\\webcompat-reporter@mozilla.org.xpi","skinnable":false,"size":23368,"sourceURI":null,"releaseNotesURI":null,"softDisabled":false,"foreignInstall":false,"hasBinaryComponents":false,"strictCompatibility":false,"locales":[],"targetApplications":[{"id":"{ec8030f7-c20a-464f-9b0e-13a3a9e97384}","minVersion":"55.0","maxVersion":"55.*"}],"targetPlatforms":[],"multiprocessCompatible":true,"seen":true,"dependencies":[],"hasEmbeddedWebExtension":false,"mpcOptedOut":false,"userPermissions":null,"icons":{},"iconURL":null,"icon64URL":null}
1500426186856	DeferredSave.extensions.json	DEBUG	Save changes
1500426186856	addons.manager	DEBUG	Registering startup change 'installed' for webcompat@mozilla.org
1500426186856	addons.xpi	DEBUG	Loading bootstrap scope from C:\Program Files\Firefox Developer Edition\browser\features\webcompat@mozilla.org.xpi
1500426186859	addons.xpi	DEBUG	Calling bootstrap method install on webcompat@mozilla.org version 1.1
1500426186859	addons.xpi-utils	DEBUG	Make addon app-system-defaults:webcompat@mozilla.org visible
1500426186860	addons.xpi	DEBUG	Updating XPIState for {"id":"webcompat@mozilla.org","syncGUID":"{297e5eb0-8bfc-491d-8c2e-33e8981cc536}","location":"app-system-defaults","version":"1.1","type":"extension","internalName":null,"updateURL":null,"updateKey":null,"optionsURL":null,"optionsType":null,"aboutURL":null,"defaultLocale":{"name":"Web Compat","description":"Urgent post-release fixes for web compatibility.","creator":null,"homepageURL":null},"visible":true,"active":false,"userDisabled":false,"appDisabled":false,"installDate":1500340830277,"updateDate":1500340830277,"applyBackgroundUpdates":1,"bootstrap":true,"path":"C:\\Program Files\\Firefox Developer Edition\\browser\\features\\webcompat@mozilla.org.xpi","skinnable":false,"size":8990,"sourceURI":null,"releaseNotesURI":null,"softDisabled":false,"foreignInstall":false,"hasBinaryComponents":false,"strictCompatibility":false,"locales":[],"targetApplications":[{"id":"{ec8030f7-c20a-464f-9b0e-13a3a9e97384}","minVersion":"55.0","maxVersion":"55.*"}],"targetPlatforms":[],"multiprocessCompatible":true,"seen":true,"dependencies":[],"hasEmbeddedWebExtension":false,"mpcOptedOut":false,"userPermissions":null,"icons":{},"iconURL":null,"icon64URL":null}
1500426186860	DeferredSave.extensions.json	DEBUG	Save changes
1500426186861	addons.xpi-utils	DEBUG	Make addon app-global:{972ce4c6-7e08-4474-a285-3208198ce6fd} visible
1500426186861	addons.xpi	DEBUG	Updating XPIState for {"id":"{972ce4c6-7e08-4474-a285-3208198ce6fd}","syncGUID":"{70958004-ffc5-42bf-a71c-e717f6723ef7}","location":"app-global","version":"55.0","type":"theme","internalName":"classic/1.0","updateURL":null,"updateKey":null,"optionsURL":null,"optionsType":null,"optionsBrowserStyle":null,"aboutURL":null,"defaultLocale":{"name":"Default","description":"The default theme.","creator":"Mozilla","homepageURL":null,"contributors":["Mozilla Contributors"]},"visible":true,"active":false,"userDisabled":false,"appDisabled":false,"installDate":1500340830352,"updateDate":1500340830352,"applyBackgroundUpdates":1,"path":"C:\\Program Files\\Firefox Developer Edition\\browser\\extensions\\{972ce4c6-7e08-4474-a285-3208198ce6fd}.xpi","skinnable":true,"size":7553,"sourceURI":null,"releaseNotesURI":null,"softDisabled":false,"foreignInstall":false,"hasBinaryComponents":false,"strictCompatibility":true,"locales":[],"targetApplications":[{"id":"{ec8030f7-c20a-464f-9b0e-13a3a9e97384}","minVersion":"55.0","maxVersion":"55.0"}],"targetPlatforms":[],"seen":true,"dependencies":[],"hasEmbeddedWebExtension":false,"userPermissions":null,"icons":{},"iconURL":"chrome://browser/content/default-theme-icon.svg","icon64URL":null}
1500426186861	DeferredSave.extensions.json	DEBUG	Save changes
1500426186862	addons.xpi	DEBUG	Updating XPIState for {"id":"aushelper@mozilla.org","syncGUID":"{94b510ac-7172-4df1-8d83-68826895af4a}","location":"app-system-defaults","version":"2.0","type":"extension","internalName":null,"updateURL":null,"updateKey":null,"optionsURL":null,"optionsType":null,"aboutURL":null,"defaultLocale":{"name":"Application Update Service Helper","description":"Sets value(s) in the update url based on custom checks.","creator":null,"homepageURL":null},"visible":true,"active":true,"userDisabled":false,"appDisabled":false,"installDate":1500340830351,"updateDate":1500340830351,"applyBackgroundUpdates":1,"bootstrap":true,"path":"C:\\Program Files\\Firefox Developer Edition\\browser\\features\\aushelper@mozilla.org.xpi","skinnable":false,"size":8486,"sourceURI":null,"releaseNotesURI":null,"softDisabled":false,"foreignInstall":false,"hasBinaryComponents":false,"strictCompatibility":false,"locales":[],"targetApplications":[{"id":"{ec8030f7-c20a-464f-9b0e-13a3a9e97384}","minVersion":"55.0","maxVersion":"55.*"}],"targetPlatforms":[],"multiprocessCompatible":true,"seen":true,"dependencies":[],"hasEmbeddedWebExtension":false,"mpcOptedOut":false,"userPermissions":null,"icons":{},"iconURL":null,"icon64URL":null}
1500426186863	addons.xpi	DEBUG	Updating XPIState for {"id":"clicktoplay-rollout@mozilla.org","syncGUID":"{a668fb5e-814f-4b17-980d-054246af93f3}","location":"app-system-defaults","version":"1.2","type":"extension","internalName":null,"updateURL":null,"updateKey":null,"optionsURL":null,"optionsType":null,"aboutURL":null,"defaultLocale":{"name":"Click-to-Play staged rollout","description":"Staged rollout for Click-to-Play Flash.","creator":null,"homepageURL":null},"visible":true,"active":true,"userDisabled":false,"appDisabled":false,"installDate":1500340830350,"updateDate":1500340830350,"applyBackgroundUpdates":1,"bootstrap":true,"path":"C:\\Program Files\\Firefox Developer Edition\\browser\\features\\clicktoplay-rollout@mozilla.org.xpi","skinnable":false,"size":5619,"sourceURI":null,"releaseNotesURI":null,"softDisabled":false,"foreignInstall":false,"hasBinaryComponents":false,"strictCompatibility":false,"locales":[],"targetApplications":[{"id":"{ec8030f7-c20a-464f-9b0e-13a3a9e97384}","minVersion":"55.0","maxVersion":"55.*"}],"targetPlatforms":[],"multiprocessCompatible":true,"seen":true,"dependencies":[],"hasEmbeddedWebExtension":false,"mpcOptedOut":false,"userPermissions":null,"icons":{},"iconURL":null,"icon64URL":null}
1500426186863	addons.xpi	DEBUG	Updating XPIState for {"id":"e10srollout@mozilla.org","syncGUID":"{0c161811-51e4-4c3f-aabe-aec33c66da36}","location":"app-system-defaults","version":"1.80","type":"extension","internalName":null,"updateURL":null,"updateKey":null,"optionsURL":null,"optionsType":null,"aboutURL":null,"defaultLocale":{"name":"Multi-process staged rollout","description":"Staged rollout of Firefox multi-process feature.","creator":null,"homepageURL":null},"visible":true,"active":true,"userDisabled":false,"appDisabled":false,"installDate":1500340830349,"updateDate":1500340830349,"applyBackgroundUpdates":1,"bootstrap":true,"path":"C:\\Program Files\\Firefox Developer Edition\\browser\\features\\e10srollout@mozilla.org.xpi","skinnable":false,"size":13053,"sourceURI":null,"releaseNotesURI":null,"softDisabled":false,"foreignInstall":false,"hasBinaryComponents":false,"strictCompatibility":false,"locales":[],"targetApplications":[{"id":"{ec8030f7-c20a-464f-9b0e-13a3a9e97384}","minVersion":"55.0","maxVersion":"55.*"}],"targetPlatforms":[],"multiprocessCompatible":true,"seen":true,"dependencies":[],"hasEmbeddedWebExtension":false,"mpcOptedOut":false,"userPermissions":null,"icons":{},"iconURL":null,"icon64URL":null}
1500426186864	addons.xpi	DEBUG	Updating XPIState for {"id":"firefox@getpocket.com","syncGUID":"{e7b9b2c5-5e7a-4705-81c8-63b7d6f8527e}","location":"app-system-defaults","version":"1.0.5","type":"extension","internalName":null,"updateURL":null,"updateKey":null,"optionsURL":null,"optionsType":null,"aboutURL":null,"defaultLocale":{"name":"Pocket","description":"When you find something you want to view later, put it in Pocket.","creator":null,"homepageURL":null},"visible":true,"active":true,"userDisabled":false,"appDisabled":false,"installDate":1500340830348,"updateDate":1500340830348,"applyBackgroundUpdates":1,"bootstrap":true,"path":"C:\\Program Files\\Firefox Developer Edition\\browser\\features\\firefox@getpocket.com.xpi","skinnable":false,"size":862991,"sourceURI":null,"releaseNotesURI":null,"softDisabled":false,"foreignInstall":false,"hasBinaryComponents":false,"strictCompatibility":false,"locales":[],"targetApplications":[{"id":"{ec8030f7-c20a-464f-9b0e-13a3a9e97384}","minVersion":"55.0","maxVersion":"55.*"}],"targetPlatforms":[],"multiprocessCompatible":true,"seen":true,"dependencies":[],"hasEmbeddedWebExtension":false,"mpcOptedOut":false,"userPermissions":null,"icons":{},"iconURL":null,"icon64URL":null}
1500426186865	addons.xpi	DEBUG	Updating XPIState for {"id":"followonsearch@mozilla.com","syncGUID":"{7d27a798-6637-41e6-94be-3b2c7931a041}","location":"app-system-defaults","version":"0.9.1","type":"extension","internalName":null,"updateURL":null,"updateKey":null,"optionsURL":null,"optionsType":null,"aboutURL":null,"defaultLocale":{"name":"Follow-on Search Telemetry","description":null,"creator":null,"homepageURL":null},"visible":true,"active":true,"userDisabled":false,"appDisabled":false,"installDate":1500340830306,"updateDate":1500340830306,"applyBackgroundUpdates":1,"bootstrap":true,"path":"C:\\Program Files\\Firefox Developer Edition\\browser\\features\\followonsearch@mozilla.com.xpi","skinnable":false,"size":16730,"sourceURI":null,"releaseNotesURI":null,"softDisabled":false,"foreignInstall":false,"hasBinaryComponents":false,"strictCompatibility":false,"locales":[],"targetApplications":[{"id":"{ec8030f7-c20a-464f-9b0e-13a3a9e97384}","minVersion":"52.0","maxVersion":"59.*"}],"targetPlatforms":[],"multiprocessCompatible":true,"seen":true,"dependencies":[],"hasEmbeddedWebExtension":false,"mpcOptedOut":false,"userPermissions":null,"icons":{},"iconURL":null,"icon64URL":null}
1500426186865	addons.xpi	DEBUG	Updating XPIState for {"id":"screenshots@mozilla.org","syncGUID":"{161f0247-e59a-4c5e-876f-d70395228865}","location":"app-system-defaults","version":"10.3.0","type":"extension","internalName":null,"updateURL":null,"updateKey":null,"optionsURL":null,"optionsType":null,"aboutURL":null,"defaultLocale":{"name":"Firefox Screenshots","description":null,"creator":null,"homepageURL":"https://pageshot.net/"},"visible":true,"active":true,"userDisabled":false,"appDisabled":false,"installDate":1500340830305,"updateDate":1500340830305,"applyBackgroundUpdates":1,"bootstrap":true,"path":"C:\\Program Files\\Firefox Developer Edition\\browser\\features\\screenshots@mozilla.org.xpi","skinnable":false,"size":650261,"sourceURI":null,"releaseNotesURI":null,"softDisabled":false,"foreignInstall":false,"hasBinaryComponents":false,"strictCompatibility":false,"locales":[],"targetApplications":[{"id":"{ec8030f7-c20a-464f-9b0e-13a3a9e97384}","minVersion":"51.0a1","maxVersion":"*"}],"targetPlatforms":[],"multiprocessCompatible":true,"seen":true,"dependencies":[],"hasEmbeddedWebExtension":false,"mpcOptedOut":false,"userPermissions":null,"icons":{},"iconURL":null,"icon64URL":null}
1500426186865	addons.xpi	DEBUG	Updating XPIState for {"id":"shield-recipe-client@mozilla.org","syncGUID":"{50969ebd-a66a-48a0-9b27-579ff4d55488}","location":"app-system-defaults","version":"55","type":"extension","internalName":null,"updateURL":null,"updateKey":null,"optionsURL":null,"optionsType":null,"aboutURL":null,"defaultLocale":{"name":"Shield Recipe Client","description":"Client to download and run recipes for SHIELD, Heartbeat, etc.","creator":null,"homepageURL":null},"visible":true,"active":true,"userDisabled":false,"appDisabled":false,"installDate":1500340830283,"updateDate":1500340830283,"applyBackgroundUpdates":1,"bootstrap":true,"path":"C:\\Program Files\\Firefox Developer Edition\\browser\\features\\shield-recipe-client@mozilla.org.xpi","skinnable":false,"size":139872,"sourceURI":null,"releaseNotesURI":null,"softDisabled":false,"foreignInstall":false,"hasBinaryComponents":false,"strictCompatibility":false,"locales":[],"targetApplications":[{"id":"{ec8030f7-c20a-464f-9b0e-13a3a9e97384}","minVersion":"55.0","maxVersion":"55.*"}],"targetPlatforms":[],"multiprocessCompatible":true,"seen":true,"dependencies":[],"hasEmbeddedWebExtension":false,"mpcOptedOut":false,"userPermissions":null,"icons":{},"iconURL":null,"icon64URL":null}
1500426186865	addons.xpi	DEBUG	Updating XPIState for {"id":"webcompat-reporter@mozilla.org","syncGUID":"{0fec0606-319e-40d3-9614-ece32e36e65e}","location":"app-system-defaults","version":"1.0.0","type":"extension","internalName":null,"updateURL":null,"updateKey":null,"optionsURL":null,"optionsType":null,"aboutURL":null,"defaultLocale":{"name":"WebCompat Reporter","description":"Report site compatibility issues on webcompat.com.","creator":null,"homepageURL":null},"visible":true,"active":true,"userDisabled":false,"appDisabled":false,"installDate":1500340830278,"updateDate":1500340830278,"applyBackgroundUpdates":1,"bootstrap":true,"path":"C:\\Program Files\\Firefox Developer Edition\\browser\\features\\webcompat-reporter@mozilla.org.xpi","skinnable":false,"size":23368,"sourceURI":null,"releaseNotesURI":null,"softDisabled":false,"foreignInstall":false,"hasBinaryComponents":false,"strictCompatibility":false,"locales":[],"targetApplications":[{"id":"{ec8030f7-c20a-464f-9b0e-13a3a9e97384}","minVersion":"55.0","maxVersion":"55.*"}],"targetPlatforms":[],"multiprocessCompatible":true,"seen":true,"dependencies":[],"hasEmbeddedWebExtension":false,"mpcOptedOut":false,"userPermissions":null,"icons":{},"iconURL":null,"icon64URL":null}
1500426186865	addons.xpi	DEBUG	Updating XPIState for {"id":"webcompat@mozilla.org","syncGUID":"{297e5eb0-8bfc-491d-8c2e-33e8981cc536}","location":"app-system-defaults","version":"1.1","type":"extension","internalName":null,"updateURL":null,"updateKey":null,"optionsURL":null,"optionsType":null,"aboutURL":null,"defaultLocale":{"name":"Web Compat","description":"Urgent post-release fixes for web compatibility.","creator":null,"homepageURL":null},"visible":true,"active":true,"userDisabled":false,"appDisabled":false,"installDate":1500340830277,"updateDate":1500340830277,"applyBackgroundUpdates":1,"bootstrap":true,"path":"C:\\Program Files\\Firefox Developer Edition\\browser\\features\\webcompat@mozilla.org.xpi","skinnable":false,"size":8990,"sourceURI":null,"releaseNotesURI":null,"softDisabled":false,"foreignInstall":false,"hasBinaryComponents":false,"strictCompatibility":false,"locales":[],"targetApplications":[{"id":"{ec8030f7-c20a-464f-9b0e-13a3a9e97384}","minVersion":"55.0","maxVersion":"55.*"}],"targetPlatforms":[],"multiprocessCompatible":true,"seen":true,"dependencies":[],"hasEmbeddedWebExtension":false,"mpcOptedOut":false,"userPermissions":null,"icons":{},"iconURL":null,"icon64URL":null}
1500426186865	addons.xpi	DEBUG	Updating XPIState for {"id":"{972ce4c6-7e08-4474-a285-3208198ce6fd}","syncGUID":"{70958004-ffc5-42bf-a71c-e717f6723ef7}","location":"app-global","version":"55.0","type":"theme","internalName":"classic/1.0","updateURL":null,"updateKey":null,"optionsURL":null,"optionsType":null,"optionsBrowserStyle":null,"aboutURL":null,"defaultLocale":{"name":"Default","description":"The default theme.","creator":"Mozilla","homepageURL":null,"contributors":["Mozilla Contributors"]},"visible":true,"active":true,"userDisabled":false,"appDisabled":false,"installDate":1500340830352,"updateDate":1500340830352,"applyBackgroundUpdates":1,"path":"C:\\Program Files\\Firefox Developer Edition\\browser\\extensions\\{972ce4c6-7e08-4474-a285-3208198ce6fd}.xpi","skinnable":true,"size":7553,"sourceURI":null,"releaseNotesURI":null,"softDisabled":false,"foreignInstall":false,"hasBinaryComponents":false,"strictCompatibility":true,"locales":[],"targetApplications":[{"id":"{ec8030f7-c20a-464f-9b0e-13a3a9e97384}","minVersion":"55.0","maxVersion":"55.0"}],"targetPlatforms":[],"seen":true,"dependencies":[],"hasEmbeddedWebExtension":false,"userPermissions":null,"icons":{},"iconURL":"chrome://browser/content/default-theme-icon.svg","icon64URL":null}
1500426186866	DeferredSave.extensions.json	DEBUG	Save changes
1500426186866	addons.xpi	DEBUG	Updating database with changes to installed add-ons
1500426186866	addons.xpi-utils	DEBUG	Updating add-on states
1500426186872	addons.xpi	DEBUG	Registering manifest for C:\Program Files\Firefox Developer Edition\browser\features\aushelper@mozilla.org.xpi
1500426186873	addons.xpi	DEBUG	Calling bootstrap method startup on aushelper@mozilla.org version 2.0
1500426186876	addons.xpi	DEBUG	Registering manifest for C:\Program Files\Firefox Developer Edition\browser\features\clicktoplay-rollout@mozilla.org.xpi
1500426186877	addons.xpi	DEBUG	Calling bootstrap method startup on clicktoplay-rollout@mozilla.org version 1.2
1500426186877	addons.xpi	DEBUG	Registering manifest for C:\Program Files\Firefox Developer Edition\browser\features\e10srollout@mozilla.org.xpi
1500426186878	addons.xpi	DEBUG	Calling bootstrap method startup on e10srollout@mozilla.org version 1.80
1500426186878	addons.xpi	DEBUG	Registering manifest for C:\Program Files\Firefox Developer Edition\browser\features\firefox@getpocket.com.xpi
1500426186879	addons.xpi	DEBUG	Calling bootstrap method startup on firefox@getpocket.com version 1.0.5
1500426186915	addons.xpi	DEBUG	Registering manifest for C:\Program Files\Firefox Developer Edition\browser\features\followonsearch@mozilla.com.xpi
1500426186915	addons.xpi	DEBUG	Calling bootstrap method startup on followonsearch@mozilla.com version 0.9.1
1500426186916	addons.xpi	DEBUG	Registering manifest for C:\Program Files\Firefox Developer Edition\browser\features\screenshots@mozilla.org.xpi
1500426186917	addons.xpi	DEBUG	Calling bootstrap method startup on screenshots@mozilla.org version 10.3.0
1500426186918	addons.xpi	DEBUG	Registering manifest for C:\Program Files\Firefox Developer Edition\browser\features\shield-recipe-client@mozilla.org.xpi
1500426186918	addons.xpi	DEBUG	Calling bootstrap method startup on shield-recipe-client@mozilla.org version 55
1500426186922	addons.xpi	DEBUG	Registering manifest for C:\Program Files\Firefox Developer Edition\browser\features\webcompat-reporter@mozilla.org.xpi
1500426186923	addons.xpi	DEBUG	Calling bootstrap method startup on webcompat-reporter@mozilla.org version 1.0.0
1500426186927	addons.xpi	DEBUG	Registering manifest for C:\Program Files\Firefox Developer Edition\browser\features\webcompat@mozilla.org.xpi
1500426186927	addons.xpi	DEBUG	Calling bootstrap method startup on webcompat@mozilla.org version 1.1
1500426186933	addons.manager	DEBUG	Registering shutdown blocker for XPIProvider
1500426186933	addons.manager	DEBUG	Provider finished startup: XPIProvider
1500426186933	addons.manager	DEBUG	Starting provider: LightweightThemeManager
1500426186933	addons.manager	DEBUG	Registering shutdown blocker for LightweightThemeManager
1500426186933	addons.manager	DEBUG	Provider finished startup: LightweightThemeManager
1500426186934	addons.manager	DEBUG	Starting provider: GMPProvider
1500426186941	addons.manager	DEBUG	Registering shutdown blocker for GMPProvider
1500426186941	addons.manager	DEBUG	Provider finished startup: GMPProvider
1500426186941	addons.manager	DEBUG	Starting provider: PluginProvider
1500426186941	addons.manager	DEBUG	Registering shutdown blocker for PluginProvider
1500426186941	addons.manager	DEBUG	Provider finished startup: PluginProvider
1500426186942	addons.manager	DEBUG	Completed startup sequence
1500426187057	Marionette	INFO	Enabled via --marionette
1500426187220	addons.manager	DEBUG	Starting provider: PreviousExperimentProvider
1500426187220	addons.manager	DEBUG	Registering shutdown blocker for PreviousExperimentProvider
1500426187220	addons.manager	DEBUG	Provider finished startup: PreviousExperimentProvider
1500426187221	DeferredSave.extensions.json	DEBUG	Starting write
1500426187401	DeferredSave.extensions.json	DEBUG	Write succeeded
1500426187401	addons.xpi-utils	DEBUG	XPI Database saved, setting schema version preference to 21
1500426188239	addons.manager	DEBUG	Starting provider: <unnamed-provider>
1500426188239	addons.manager	DEBUG	Registering shutdown blocker for <unnamed-provider>
1500426188242	addons.manager	DEBUG	Provider finished startup: <unnamed-provider>
1500426188247	addons.xpi	INFO	Mapping aushelper@mozilla.org to C:\Program Files\Firefox Developer Edition\browser\features\aushelper@mozilla.org.xpi
1500426188247	addons.xpi	INFO	Mapping clicktoplay-rollout@mozilla.org to C:\Program Files\Firefox Developer Edition\browser\features\clicktoplay-rollout@mozilla.org.xpi
1500426188247	addons.xpi	INFO	Mapping e10srollout@mozilla.org to C:\Program Files\Firefox Developer Edition\browser\features\e10srollout@mozilla.org.xpi
1500426188247	addons.xpi	INFO	Mapping firefox@getpocket.com to C:\Program Files\Firefox Developer Edition\browser\features\firefox@getpocket.com.xpi
1500426188247	addons.xpi	INFO	Mapping followonsearch@mozilla.com to C:\Program Files\Firefox Developer Edition\browser\features\followonsearch@mozilla.com.xpi
1500426188247	addons.xpi	INFO	Mapping screenshots@mozilla.org to C:\Program Files\Firefox Developer Edition\browser\features\screenshots@mozilla.org.xpi
1500426188248	addons.xpi	INFO	Mapping shield-recipe-client@mozilla.org to C:\Program Files\Firefox Developer Edition\browser\features\shield-recipe-client@mozilla.org.xpi
1500426188248	addons.xpi	INFO	Mapping webcompat-reporter@mozilla.org to C:\Program Files\Firefox Developer Edition\browser\features\webcompat-reporter@mozilla.org.xpi
1500426188248	addons.xpi	INFO	Mapping webcompat@mozilla.org to C:\Program Files\Firefox Developer Edition\browser\features\webcompat@mozilla.org.xpi
1500426188249	addons.xpi	DEBUG	Existing add-on aushelper@mozilla.org in app-system-defaults
1500426188250	addons.xpi	DEBUG	Existing add-on clicktoplay-rollout@mozilla.org in app-system-defaults
1500426188251	addons.xpi	DEBUG	Existing add-on e10srollout@mozilla.org in app-system-defaults
1500426188251	addons.xpi	DEBUG	Existing add-on firefox@getpocket.com in app-system-defaults
1500426188251	addons.xpi	DEBUG	Existing add-on followonsearch@mozilla.com in app-system-defaults
1500426188253	addons.xpi	DEBUG	Existing add-on screenshots@mozilla.org in app-system-defaults
1500426188255	addons.xpi	DEBUG	Existing add-on shield-recipe-client@mozilla.org in app-system-defaults
1500426188256	addons.xpi	DEBUG	Existing add-on webcompat-reporter@mozilla.org in app-system-defaults
1500426188256	addons.xpi	DEBUG	Existing add-on webcompat@mozilla.org in app-system-defaults
1500426188256	addons.xpi	INFO	Mapping {972ce4c6-7e08-4474-a285-3208198ce6fd} to C:\Program Files\Firefox Developer Edition\browser\extensions\{972ce4c6-7e08-4474-a285-3208198ce6fd}.xpi
1500426188257	addons.xpi	DEBUG	Existing add-on {972ce4c6-7e08-4474-a285-3208198ce6fd} in app-global
1500426188257	addons.xpi	DEBUG	getInstallState changed: false, state: {}
Unable to read VR Path Registry from C:\Users\Alex Lazaris\AppData\Local\openvr\openvrpaths.vrpath
[GPU 10992] WARNING: pipe error: 109: file c:/builds/moz2_slave/m-beta-w64-de-0000000000000000/build/src/ipc/chromium/src/chrome/common/ipc_channel_win.cc, line 346
Unable to read VR Path Registry from C:\Users\Alex Lazaris\AppData\Local\openvr\openvrpaths.vrpath
[Child 15204] WARNING: pipe error: 109: file c:/builds/moz2_slave/m-beta-w64-de-0000000000000000/build/src/ipc/chromium/src/chrome/common/ipc_channel_win.cc, line 346
1500426188351	addons.productaddons	INFO	sending request to: https://aus5.mozilla.org/update/3/GMP/55.0/20170713130619/WINNT_x86_64-msvc-x64/en-US/aurora/Windows_NT%2010.0.0.0%20(x64)/default/default/update.xml
1500426188448	Marionette	INFO	Listening on port 62597
1500426188472	Marionette	INFO	Listening on port 62597
1500426189008	addons.productaddons	INFO	Completed downloading document
1500426189175	addons.productaddons	INFO	downloadXHR File download. status=200
1500426189177	addons.productaddons	INFO	Downloaded file will be saved to C:\Users\ALEXLA~1\AppData\Local\Temp\tmpaddon-46099d
1500426189563	Marionette	WARN	TLS certificate errors will be ignored for this session
1500426189607	Marionette	DEBUG	loaded listener.js
1500426189631	Marionette	DEBUG	Received DOM event "beforeunload" for "about:blank"
1500426189643	Marionette	DEBUG	Received DOM event "pagehide" for "about:blank"
1500426189643	Marionette	DEBUG	Received DOM event "unload" for "about:blank"
1500426189643	Marionette	DEBUG	Received observer notification "outer-window-destroyed" for "4294967297"
Unable to read VR Path Registry from C:\Users\Alex Lazaris\AppData\Local\openvr\openvrpaths.vrpath
[Child 5152] WARNING: pipe error: 109: file c:/builds/moz2_slave/m-beta-w64-de-0000000000000000/build/src/ipc/chromium/src/chrome/common/ipc_channel_win.cc, line 346
1500426189802	Marionette	DEBUG	loaded listener.js
1500426190853	addons.productaddons	INFO	downloadXHR File download. status=200
1500426190856	addons.productaddons	INFO	Downloaded file will be saved to C:\Users\ALEXLA~1\AppData\Local\Temp\tmpaddon-1b9834
1500426191361	Marionette	DEBUG	Received DOM event "DOMContentLoaded" for "https://www.udemy.com/courses/"
1500426192038	Marionette	DEBUG	Received DOM event "DOMContentLoaded" for "https://www.udemy.com/courses/"
1500426192048	Marionette	DEBUG	Received DOM event "pageshow" for "https://www.udemy.com/courses/"
1500426192481	Marionette	DEBUG	Received DOM event "DOMContentLoaded" for "https://vars.hotjar.com/rcj-99d43ead6bdf30da8ed5ffcb4f17100c.html"
1500426192484	Marionette	DEBUG	Received DOM event "pageshow" for "https://vars.hotjar.com/rcj-99d43ead6bdf30da8ed5ffcb4f17100c.html"
1500426197260	Marionette	DEBUG	Received DOM event "pageshow" for "https://www.udemy.com/courses/"
1500426197607	Marionette	DEBUG	Canceled page load listener because no navigation has been detected
1500426197620	Marionette	INFO	New connections will no longer be accepted
1500426197644	addons.xpi	DEBUG	Calling bootstrap method shutdown on webcompat@mozilla.org version 1.1
1500426197645	addons.xpi	DEBUG	Calling bootstrap method shutdown on webcompat-reporter@mozilla.org version 1.0.0
1500426197646	addons.xpi	DEBUG	Calling bootstrap method shutdown on shield-recipe-client@mozilla.org version 55
1500426197650	addons.xpi	DEBUG	Calling bootstrap method shutdown on screenshots@mozilla.org version 10.3.0
1500426197651	addons.xpi	DEBUG	Calling bootstrap method shutdown on followonsearch@mozilla.com version 0.9.1
1500426197651	addons.xpi	DEBUG	Calling bootstrap method shutdown on firefox@getpocket.com version 1.0.5
1500426197652	addons.xpi	DEBUG	Calling bootstrap method shutdown on e10srollout@mozilla.org version 1.80
1500426197652	addons.xpi	DEBUG	Calling bootstrap method shutdown on clicktoplay-rollout@mozilla.org version 1.2
1500426197653	addons.xpi	DEBUG	Calling bootstrap method shutdown on aushelper@mozilla.org version 2.0
g bootstrap method shutdown on aushelper@mozilla.org version 2.0
 1.0.0
1499820473135	addons.xpi	DEBUG	Calling bootstrap method shutdown on shield-recipe-client@mozilla.org version 55
1499820473137	addons.xpi	DEBUG	Calling bootstrap method shutdown on screenshots@mozilla.org version 9.0.0
1499820473138	addons.xpi	DEBUG	Calling bootstrap method shutdown on followonsearch@mozilla.com version 0.9.0
1499820473139	addons.xpi	DEBUG	Calling bootstrap method shutdown on firefox@getpocket.com version 1.0.5
1499820473140	addons.xpi	DEBUG	Calling bootstrap method shutdown on e10srollout@mozilla.org version 1.50
1499820473140	addons.xpi	DEBUG	Calling bootstrap method shutdown on clicktoplay-rollout@mozilla.org version 1.0
1499820473140	addons.xpi	DEBUG	Calling bootstrap method shutdown on aushelper@mozilla.org version 2.0
ng bootstrap method shutdown on clicktoplay-rollout@mozilla.org version 1.0
1499820380088	addons.xpi	DEBUG	Calling bootstrap method shutdown on aushelper@mozilla.org version 2.0
version 1.50
1498698282245	addons.xpi	DEBUG	Calling bootstrap method shutdown on clicktoplay-rollout@mozilla.org version 1.0
1498698282245	addons.xpi	DEBUG	Calling bootstrap method shutdown on aushelper@mozilla.org version 2.0
htThemeManager
1498632019960	addons.manager	DEBUG	Calling shutdown blocker for GMPProvider
1498632019962	addons.manager	DEBUG	Calling shutdown blocker for PluginProvider
1498632019962	addons.manager	DEBUG	Calling shutdown blocker for PreviousExperimentProvider
1498632019963	addons.manager	DEBUG	Calling shutdown blocker for <unnamed-provider>
1498632019965	addons.xpi	DEBUG	Notifying XPI shutdown observers
1498632019971	addons.manager	DEBUG	Async provider shutdown done

###!!! [Child][MessageChannel::SendAndWait] Error: Channel error: cannot send/recv

Unable to read VR Path Registry from C:\Users\Alex Lazaris\AppData\Local\openvr\openvrpaths.vrpath
